<?xml version="1.0" encoding="UTF-8"?>
<coverage generated="1507925892935" clover="3.2.0">
  <project timestamp="1507925892935" name="All files">
    <metrics statements="41" coveredstatements="41" conditionals="26" coveredconditionals="23" methods="13" coveredmethods="13" elements="80" coveredelements="77" complexity="0" loc="41" ncloc="41" packages="5" files="10" classes="10">
      <package name="MatchAndMentor">
        <metrics statements="9" coveredstatements="9" conditionals="10" coveredconditionals="10" methods="1" coveredmethods="1"/>
        <file name="setupTests.js" path="/Users/sc-ktucker-osx/Desktop/ReactNative/mentor/MatchAndMentor/setupTests.js">
          <metrics statements="9" coveredstatements="9" conditionals="10" coveredconditionals="10" methods="1" coveredmethods="1"/>
          <line num="1" count="1" type="stmt"/>
          <line num="2" count="14" type="cond" truecount="4" falsecount="0"/>
          <line num="3" count="2" type="stmt"/>
          <line num="5" count="12" type="cond" truecount="4" falsecount="0"/>
          <line num="6" count="9" type="stmt"/>
          <line num="7" count="9" type="stmt"/>
          <line num="8" count="12" type="stmt"/>
          <line num="9" count="12" type="cond" truecount="2" falsecount="0"/>
          <line num="10" count="4" type="stmt"/>
        </file>
      </package>
      <package name="MatchAndMentor.src.actions">
        <metrics statements="9" coveredstatements="9" conditionals="0" coveredconditionals="0" methods="4" coveredmethods="4"/>
        <file name="UserActions.js" path="/Users/sc-ktucker-osx/Desktop/ReactNative/mentor/MatchAndMentor/src/actions/UserActions.js">
          <metrics statements="6" coveredstatements="6" conditionals="0" coveredconditionals="0" methods="4" coveredmethods="4"/>
          <line num="4" count="3" type="stmt"/>
          <line num="5" count="2" type="stmt"/>
          <line num="6" count="2" type="stmt"/>
          <line num="7" count="1" type="stmt"/>
          <line num="12" count="1" type="stmt"/>
          <line num="17" count="3" type="stmt"/>
        </file>
        <file name="index.js" path="/Users/sc-ktucker-osx/Desktop/ReactNative/mentor/MatchAndMentor/src/actions/index.js">
          <metrics statements="0" coveredstatements="0" conditionals="0" coveredconditionals="0" methods="0" coveredmethods="0"/>
        </file>
        <file name="types.js" path="/Users/sc-ktucker-osx/Desktop/ReactNative/mentor/MatchAndMentor/src/actions/types.js">
          <metrics statements="3" coveredstatements="3" conditionals="0" coveredconditionals="0" methods="0" coveredmethods="0"/>
          <line num="1" count="4" type="stmt"/>
          <line num="2" count="4" type="stmt"/>
          <line num="3" count="4" type="stmt"/>
        </file>
      </package>
      <package name="MatchAndMentor.src.components.simple">
        <metrics statements="10" coveredstatements="10" conditionals="8" coveredconditionals="6" methods="6" coveredmethods="6"/>
        <file name="Button.js" path="/Users/sc-ktucker-osx/Desktop/ReactNative/mentor/MatchAndMentor/src/components/simple/Button.js">
          <metrics statements="2" coveredstatements="2" conditionals="0" coveredconditionals="0" methods="1" coveredmethods="1"/>
          <line num="6" count="2" type="stmt"/>
          <line num="17" count="3" type="stmt"/>
        </file>
        <file name="ScreenHeader.js" path="/Users/sc-ktucker-osx/Desktop/ReactNative/mentor/MatchAndMentor/src/components/simple/ScreenHeader.js">
          <metrics statements="2" coveredstatements="2" conditionals="0" coveredconditionals="0" methods="1" coveredmethods="1"/>
          <line num="4" count="3" type="stmt"/>
          <line num="15" count="2" type="stmt"/>
        </file>
        <file name="SignUpName.js" path="/Users/sc-ktucker-osx/Desktop/ReactNative/mentor/MatchAndMentor/src/components/simple/SignUpName.js">
          <metrics statements="6" coveredstatements="6" conditionals="8" coveredconditionals="6" methods="4" coveredmethods="4"/>
          <line num="15" count="2" type="stmt"/>
          <line num="42" count="1" type="stmt"/>
          <line num="43" count="1" type="stmt"/>
          <line num="46" count="1" type="stmt"/>
          <line num="53" count="1" type="stmt"/>
          <line num="67" count="1" type="stmt"/>
        </file>
      </package>
      <package name="MatchAndMentor.src.navigation">
        <metrics statements="1" coveredstatements="1" conditionals="0" coveredconditionals="0" methods="0" coveredmethods="0"/>
        <file name="Routes.js" path="/Users/sc-ktucker-osx/Desktop/ReactNative/mentor/MatchAndMentor/src/navigation/Routes.js">
          <metrics statements="1" coveredstatements="1" conditionals="0" coveredconditionals="0" methods="0" coveredmethods="0"/>
          <line num="4" count="1" type="stmt"/>
        </file>
      </package>
      <package name="MatchAndMentor.src.reducers">
        <metrics statements="12" coveredstatements="12" conditionals="8" coveredconditionals="7" methods="2" coveredmethods="2"/>
        <file name="NavigationReducer.js" path="/Users/sc-ktucker-osx/Desktop/ReactNative/mentor/MatchAndMentor/src/reducers/NavigationReducer.js">
          <metrics statements="8" coveredstatements="8" conditionals="5" coveredconditionals="4" methods="1" coveredmethods="1"/>
          <line num="7" count="3" type="cond" truecount="3" falsecount="0"/>
          <line num="9" count="1" type="stmt"/>
          <line num="13" count="1" type="stmt"/>
          <line num="15" count="1" type="stmt"/>
          <line num="19" count="1" type="stmt"/>
          <line num="21" count="1" type="stmt"/>
          <line num="22" count="1" type="stmt"/>
          <line num="24" count="3" type="cond" truecount="1" falsecount="1"/>
        </file>
        <file name="UserReducer.js" path="/Users/sc-ktucker-osx/Desktop/ReactNative/mentor/MatchAndMentor/src/reducers/UserReducer.js">
          <metrics statements="4" coveredstatements="4" conditionals="3" coveredconditionals="3" methods="1" coveredmethods="1"/>
          <line num="3" count="1" type="stmt"/>
          <line num="8" count="2" type="cond" truecount="2" falsecount="0"/>
          <line num="10" count="1" type="stmt"/>
          <line num="13" count="1" type="stmt"/>
        </file>
      </package>
    </metrics>
  </project>
</coverage>
