<?xml version="1.0" encoding="UTF-8"?>
<coverage generated="1508176260178" clover="3.2.0">
  <project timestamp="1508176260178" name="All files">
    <metrics statements="71" coveredstatements="71" conditionals="45" coveredconditionals="42" methods="23" coveredmethods="23" elements="139" coveredelements="136" complexity="0" loc="71" ncloc="71" packages="6" files="12" classes="12">
      <package name="MatchAndMentor">
        <metrics statements="9" coveredstatements="9" conditionals="10" coveredconditionals="10" methods="1" coveredmethods="1"/>
        <file name="setupTests.js" path="/Users/sc-ktucker-osx/Desktop/ReactNative/mentor/MatchAndMentor/setupTests.js">
          <metrics statements="9" coveredstatements="9" conditionals="10" coveredconditionals="10" methods="1" coveredmethods="1"/>
          <line num="1" count="2" type="stmt"/>
          <line num="2" count="80" type="cond" truecount="4" falsecount="0"/>
          <line num="3" count="7" type="stmt"/>
          <line num="5" count="73" type="cond" truecount="4" falsecount="0"/>
          <line num="6" count="51" type="stmt"/>
          <line num="7" count="51" type="stmt"/>
          <line num="8" count="73" type="stmt"/>
          <line num="9" count="73" type="cond" truecount="2" falsecount="0"/>
          <line num="10" count="14" type="stmt"/>
        </file>
      </package>
      <package name="MatchAndMentor.src">
        <metrics statements="5" coveredstatements="5" conditionals="0" coveredconditionals="0" methods="0" coveredmethods="0"/>
        <file name="firebase.js" path="/Users/sc-ktucker-osx/Desktop/ReactNative/mentor/MatchAndMentor/src/firebase.js">
          <metrics statements="5" coveredstatements="5" conditionals="0" coveredconditionals="0" methods="0" coveredmethods="0"/>
          <line num="4" count="3" type="stmt"/>
          <line num="12" count="3" type="stmt"/>
          <line num="16" count="3" type="stmt"/>
          <line num="17" count="3" type="stmt"/>
          <line num="18" count="3" type="stmt"/>
        </file>
      </package>
      <package name="MatchAndMentor.src.actions">
        <metrics statements="20" coveredstatements="20" conditionals="0" coveredconditionals="0" methods="9" coveredmethods="9"/>
        <file name="UserActions.js" path="/Users/sc-ktucker-osx/Desktop/ReactNative/mentor/MatchAndMentor/src/actions/UserActions.js">
          <metrics statements="13" coveredstatements="13" conditionals="0" coveredconditionals="0" methods="9" coveredmethods="9"/>
          <line num="10" count="4" type="stmt"/>
          <line num="11" count="2" type="stmt"/>
          <line num="12" count="2" type="stmt"/>
          <line num="13" count="1" type="stmt"/>
          <line num="17" count="1" type="stmt"/>
          <line num="22" count="4" type="stmt"/>
          <line num="27" count="4" type="stmt"/>
          <line num="28" count="4" type="stmt"/>
          <line num="29" count="4" type="stmt"/>
          <line num="30" count="1" type="stmt"/>
          <line num="34" count="1" type="stmt"/>
          <line num="39" count="4" type="stmt"/>
          <line num="44" count="4" type="stmt"/>
        </file>
        <file name="index.js" path="/Users/sc-ktucker-osx/Desktop/ReactNative/mentor/MatchAndMentor/src/actions/index.js">
          <metrics statements="0" coveredstatements="0" conditionals="0" coveredconditionals="0" methods="0" coveredmethods="0"/>
        </file>
        <file name="types.js" path="/Users/sc-ktucker-osx/Desktop/ReactNative/mentor/MatchAndMentor/src/actions/types.js">
          <metrics statements="7" coveredstatements="7" conditionals="0" coveredconditionals="0" methods="0" coveredmethods="0"/>
          <line num="1" count="5" type="stmt"/>
          <line num="2" count="5" type="stmt"/>
          <line num="3" count="5" type="stmt"/>
          <line num="4" count="5" type="stmt"/>
          <line num="5" count="5" type="stmt"/>
          <line num="10" count="5" type="stmt"/>
          <line num="11" count="5" type="stmt"/>
        </file>
      </package>
      <package name="MatchAndMentor.src.components.simple">
        <metrics statements="20" coveredstatements="20" conditionals="24" coveredconditionals="22" methods="11" coveredmethods="11"/>
        <file name="Button.js" path="/Users/sc-ktucker-osx/Desktop/ReactNative/mentor/MatchAndMentor/src/components/simple/Button.js">
          <metrics statements="2" coveredstatements="2" conditionals="0" coveredconditionals="0" methods="1" coveredmethods="1"/>
          <line num="6" count="20" type="stmt"/>
          <line num="17" count="4" type="stmt"/>
        </file>
        <file name="ScreenHeader.js" path="/Users/sc-ktucker-osx/Desktop/ReactNative/mentor/MatchAndMentor/src/components/simple/ScreenHeader.js">
          <metrics statements="2" coveredstatements="2" conditionals="0" coveredconditionals="0" methods="1" coveredmethods="1"/>
          <line num="4" count="4" type="stmt"/>
          <line num="16" count="8" type="stmt"/>
        </file>
        <file name="SignUpName.js" path="/Users/sc-ktucker-osx/Desktop/ReactNative/mentor/MatchAndMentor/src/components/simple/SignUpName.js">
          <metrics statements="6" coveredstatements="6" conditionals="8" coveredconditionals="6" methods="4" coveredmethods="4"/>
          <line num="15" count="2" type="stmt"/>
          <line num="45" count="1" type="stmt"/>
          <line num="46" count="1" type="stmt"/>
          <line num="49" count="1" type="stmt"/>
          <line num="56" count="1" type="stmt"/>
          <line num="70" count="1" type="stmt"/>
        </file>
        <file name="SignUpRoles.js" path="/Users/sc-ktucker-osx/Desktop/ReactNative/mentor/MatchAndMentor/src/components/simple/SignUpRoles.js">
          <metrics statements="10" coveredstatements="10" conditionals="16" coveredconditionals="16" methods="5" coveredmethods="5"/>
          <line num="9" count="2" type="stmt"/>
          <line num="48" count="3" type="cond" truecount="4" falsecount="0"/>
          <line num="49" count="1" type="stmt"/>
          <line num="50" count="2" type="cond" truecount="2" falsecount="0"/>
          <line num="51" count="1" type="stmt"/>
          <line num="53" count="1" type="stmt"/>
          <line num="58" count="6" type="stmt"/>
          <line num="69" count="1" type="stmt"/>
          <line num="81" count="1" type="stmt"/>
          <line num="94" count="3" type="stmt"/>
        </file>
      </package>
      <package name="MatchAndMentor.src.navigation">
        <metrics statements="1" coveredstatements="1" conditionals="0" coveredconditionals="0" methods="0" coveredmethods="0"/>
        <file name="Routes.js" path="/Users/sc-ktucker-osx/Desktop/ReactNative/mentor/MatchAndMentor/src/navigation/Routes.js">
          <metrics statements="1" coveredstatements="1" conditionals="0" coveredconditionals="0" methods="0" coveredmethods="0"/>
          <line num="5" count="1" type="stmt"/>
        </file>
      </package>
      <package name="MatchAndMentor.src.reducers">
        <metrics statements="16" coveredstatements="16" conditionals="11" coveredconditionals="10" methods="2" coveredmethods="2"/>
        <file name="NavigationReducer.js" path="/Users/sc-ktucker-osx/Desktop/ReactNative/mentor/MatchAndMentor/src/reducers/NavigationReducer.js">
          <metrics statements="10" coveredstatements="10" conditionals="6" coveredconditionals="5" methods="1" coveredmethods="1"/>
          <line num="7" count="4" type="cond" truecount="4" falsecount="0"/>
          <line num="9" count="1" type="stmt"/>
          <line num="13" count="1" type="stmt"/>
          <line num="15" count="1" type="stmt"/>
          <line num="19" count="1" type="stmt"/>
          <line num="21" count="1" type="stmt"/>
          <line num="25" count="1" type="stmt"/>
          <line num="27" count="1" type="stmt"/>
          <line num="28" count="1" type="stmt"/>
          <line num="30" count="4" type="cond" truecount="1" falsecount="1"/>
        </file>
        <file name="UserReducer.js" path="/Users/sc-ktucker-osx/Desktop/ReactNative/mentor/MatchAndMentor/src/reducers/UserReducer.js">
          <metrics statements="6" coveredstatements="6" conditionals="5" coveredconditionals="5" methods="1" coveredmethods="1"/>
          <line num="7" count="1" type="stmt"/>
          <line num="15" count="4" type="cond" truecount="4" falsecount="0"/>
          <line num="17" count="1" type="stmt"/>
          <line num="20" count="1" type="stmt"/>
          <line num="23" count="1" type="stmt"/>
          <line num="26" count="1" type="stmt"/>
        </file>
      </package>
    </metrics>
  </project>
</coverage>
