{"/Users/sc-ktucker-osx/Desktop/ReactNative/mentor/MatchAndMentor/setupTests.js": {"path":"/Users/sc-ktucker-osx/Desktop/ReactNative/mentor/MatchAndMentor/setupTests.js","statementMap":{"0":{"start":{"line":1,"column":24},"end":{"line":14,"column":1}},"1":{"start":{"line":2,"column":2},"end":{"line":4,"column":3}},"2":{"start":{"line":3,"column":4},"end":{"line":3,"column":15}},"3":{"start":{"line":5,"column":2},"end":{"line":13,"column":3}},"4":{"start":{"line":6,"column":17},"end":{"line":6,"column":30}},"5":{"start":{"line":7,"column":4},"end":{"line":12,"column":5}},"6":{"start":{"line":8,"column":17},"end":{"line":8,"column":44}},"7":{"start":{"line":9,"column":6},"end":{"line":11,"column":7}},"8":{"start":{"line":10,"column":8},"end":{"line":10,"column":19}}},"fnMap":{"0":{"name":"(anonymous_0)","decl":{"start":{"line":1,"column":24},"end":{"line":1,"column":25}},"loc":{"start":{"line":1,"column":48},"end":{"line":14,"column":1}},"line":1}},"branchMap":{"0":{"loc":{"start":{"line":2,"column":2},"end":{"line":4,"column":3}},"type":"if","locations":[{"start":{"line":2,"column":2},"end":{"line":4,"column":3}},{"start":{"line":2,"column":2},"end":{"line":4,"column":3}}],"line":2},"1":{"loc":{"start":{"line":2,"column":6},"end":{"line":2,"column":48}},"type":"binary-expr","locations":[{"start":{"line":2,"column":6},"end":{"line":2,"column":16}},{"start":{"line":2,"column":20},"end":{"line":2,"column":48}}],"line":2},"2":{"loc":{"start":{"line":5,"column":2},"end":{"line":13,"column":3}},"type":"if","locations":[{"start":{"line":5,"column":2},"end":{"line":13,"column":3}},{"start":{"line":5,"column":2},"end":{"line":13,"column":3}}],"line":5},"3":{"loc":{"start":{"line":5,"column":6},"end":{"line":5,"column":47}},"type":"binary-expr","locations":[{"start":{"line":5,"column":6},"end":{"line":5,"column":19}},{"start":{"line":5,"column":23},"end":{"line":5,"column":47}}],"line":5},"4":{"loc":{"start":{"line":9,"column":6},"end":{"line":11,"column":7}},"type":"if","locations":[{"start":{"line":9,"column":6},"end":{"line":11,"column":7}},{"start":{"line":9,"column":6},"end":{"line":11,"column":7}}],"line":9}},"s":{"0":2,"1":80,"2":7,"3":73,"4":51,"5":51,"6":73,"7":73,"8":14},"f":{"0":80},"b":{"0":[7,73],"1":[80,61],"2":[51,22],"3":[73,51],"4":[14,59]},"_coverageSchema":"332fd63041d2c1bcb487cc26dd0d5f7d97098a6c","hash":"50e9a1fb30a33636a97331f4e79f88f1bd84bf06"}
,"/Users/sc-ktucker-osx/Desktop/ReactNative/mentor/MatchAndMentor/src/actions/UserActions.js": {"path":"/Users/sc-ktucker-osx/Desktop/ReactNative/mentor/MatchAndMentor/src/actions/UserActions.js","statementMap":{"0":{"start":{"line":4,"column":26},"end":{"line":15,"column":1}},"1":{"start":{"line":5,"column":26},"end":{"line":5,"column":41}},"2":{"start":{"line":6,"column":2},"end":{"line":14,"column":4}},"3":{"start":{"line":7,"column":4},"end":{"line":13,"column":9}},"4":{"start":{"line":12,"column":8},"end":{"line":12,"column":40}},"5":{"start":{"line":17,"column":26},"end":{"line":20,"column":2}},"6":{"start":{"line":17,"column":35},"end":{"line":20,"column":1}},"7":{"start":{"line":22,"column":27},"end":{"line":33,"column":1}},"8":{"start":{"line":23,"column":26},"end":{"line":23,"column":41}},"9":{"start":{"line":24,"column":2},"end":{"line":32,"column":4}},"10":{"start":{"line":25,"column":4},"end":{"line":31,"column":9}},"11":{"start":{"line":30,"column":8},"end":{"line":30,"column":41}},"12":{"start":{"line":35,"column":20},"end":{"line":38,"column":2}},"13":{"start":{"line":35,"column":30},"end":{"line":38,"column":1}},"14":{"start":{"line":40,"column":32},"end":{"line":43,"column":2}},"15":{"start":{"line":40,"column":43},"end":{"line":43,"column":1}},"16":{"start":{"line":45,"column":32},"end":{"line":48,"column":2}},"17":{"start":{"line":45,"column":43},"end":{"line":48,"column":1}}},"fnMap":{"0":{"name":"(anonymous_0)","decl":{"start":{"line":4,"column":26},"end":{"line":4,"column":27}},"loc":{"start":{"line":4,"column":34},"end":{"line":15,"column":1}},"line":4},"1":{"name":"(anonymous_1)","decl":{"start":{"line":6,"column":9},"end":{"line":6,"column":10}},"loc":{"start":{"line":6,"column":21},"end":{"line":14,"column":3}},"line":6},"2":{"name":"(anonymous_2)","decl":{"start":{"line":11,"column":12},"end":{"line":11,"column":13}},"loc":{"start":{"line":11,"column":18},"end":{"line":13,"column":7}},"line":11},"3":{"name":"(anonymous_3)","decl":{"start":{"line":17,"column":26},"end":{"line":17,"column":27}},"loc":{"start":{"line":17,"column":35},"end":{"line":20,"column":1}},"line":17},"4":{"name":"(anonymous_4)","decl":{"start":{"line":22,"column":27},"end":{"line":22,"column":28}},"loc":{"start":{"line":22,"column":36},"end":{"line":33,"column":1}},"line":22},"5":{"name":"(anonymous_5)","decl":{"start":{"line":24,"column":9},"end":{"line":24,"column":10}},"loc":{"start":{"line":24,"column":21},"end":{"line":32,"column":3}},"line":24},"6":{"name":"(anonymous_6)","decl":{"start":{"line":29,"column":12},"end":{"line":29,"column":13}},"loc":{"start":{"line":29,"column":18},"end":{"line":31,"column":7}},"line":29},"7":{"name":"(anonymous_7)","decl":{"start":{"line":35,"column":20},"end":{"line":35,"column":21}},"loc":{"start":{"line":35,"column":30},"end":{"line":38,"column":1}},"line":35},"8":{"name":"(anonymous_8)","decl":{"start":{"line":40,"column":32},"end":{"line":40,"column":33}},"loc":{"start":{"line":40,"column":43},"end":{"line":43,"column":1}},"line":40},"9":{"name":"(anonymous_9)","decl":{"start":{"line":45,"column":32},"end":{"line":45,"column":33}},"loc":{"start":{"line":45,"column":43},"end":{"line":48,"column":1}},"line":45}},"branchMap":{},"s":{"0":4,"1":2,"2":2,"3":1,"4":1,"5":4,"6":2,"7":4,"8":4,"9":4,"10":1,"11":1,"12":4,"13":0,"14":4,"15":2,"16":4,"17":2},"f":{"0":2,"1":1,"2":1,"3":2,"4":4,"5":1,"6":1,"7":0,"8":2,"9":2},"b":{},"_coverageSchema":"332fd63041d2c1bcb487cc26dd0d5f7d97098a6c","hash":"8662ddee16484046d8cf4b1cf1ca92e09a2a8274"}
,"/Users/sc-ktucker-osx/Desktop/ReactNative/mentor/MatchAndMentor/src/actions/index.js": {"path":"/Users/sc-ktucker-osx/Desktop/ReactNative/mentor/MatchAndMentor/src/actions/index.js","statementMap":{},"fnMap":{},"branchMap":{},"s":{},"f":{},"b":{},"_coverageSchema":"332fd63041d2c1bcb487cc26dd0d5f7d97098a6c","hash":"58bea177d4fe89c639172598845110b31234a88b"}
,"/Users/sc-ktucker-osx/Desktop/ReactNative/mentor/MatchAndMentor/src/actions/types.js": {"path":"/Users/sc-ktucker-osx/Desktop/ReactNative/mentor/MatchAndMentor/src/actions/types.js","statementMap":{"0":{"start":{"line":1,"column":27},"end":{"line":1,"column":39}},"1":{"start":{"line":2,"column":27},"end":{"line":2,"column":39}},"2":{"start":{"line":3,"column":27},"end":{"line":3,"column":40}},"3":{"start":{"line":4,"column":28},"end":{"line":4,"column":42}},"4":{"start":{"line":5,"column":28},"end":{"line":5,"column":41}},"5":{"start":{"line":6,"column":21},"end":{"line":6,"column":110}},"6":{"start":{"line":7,"column":34},"end":{"line":7,"column":54}},"7":{"start":{"line":8,"column":34},"end":{"line":8,"column":54}}},"fnMap":{},"branchMap":{},"s":{"0":5,"1":5,"2":5,"3":5,"4":5,"5":5,"6":5,"7":5},"f":{},"b":{},"_coverageSchema":"332fd63041d2c1bcb487cc26dd0d5f7d97098a6c","hash":"d275edafc4c4b39bf5558be4be6a02c795a1a0d8"}
,"/Users/sc-ktucker-osx/Desktop/ReactNative/mentor/MatchAndMentor/src/components/simple/Button.js": {"path":"/Users/sc-ktucker-osx/Desktop/ReactNative/mentor/MatchAndMentor/src/components/simple/Button.js","statementMap":{"0":{"start":{"line":6,"column":2},"end":{"line":14,"column":4}},"1":{"start":{"line":17,"column":0},"end":{"line":19,"column":2}}},"fnMap":{"0":{"name":"Button","decl":{"start":{"line":5,"column":9},"end":{"line":5,"column":15}},"loc":{"start":{"line":5,"column":64},"end":{"line":15,"column":1}},"line":5}},"branchMap":{},"s":{"0":20,"1":4},"f":{"0":20},"b":{},"_coverageSchema":"332fd63041d2c1bcb487cc26dd0d5f7d97098a6c","hash":"a8b40f6622ffe3a60b4762401b385dacc64bac75"}
,"/Users/sc-ktucker-osx/Desktop/ReactNative/mentor/MatchAndMentor/src/components/simple/ScreenHeader.js": {"path":"/Users/sc-ktucker-osx/Desktop/ReactNative/mentor/MatchAndMentor/src/components/simple/ScreenHeader.js","statementMap":{"0":{"start":{"line":4,"column":15},"end":{"line":13,"column":1}},"1":{"start":{"line":16,"column":2},"end":{"line":20,"column":4}}},"fnMap":{"0":{"name":"ScreenHeader","decl":{"start":{"line":15,"column":9},"end":{"line":15,"column":21}},"loc":{"start":{"line":15,"column":33},"end":{"line":21,"column":1}},"line":15}},"branchMap":{},"s":{"0":4,"1":8},"f":{"0":8},"b":{},"_coverageSchema":"332fd63041d2c1bcb487cc26dd0d5f7d97098a6c","hash":"91aafe3109c96feaca21dad0267913a7fefcc165"}
,"/Users/sc-ktucker-osx/Desktop/ReactNative/mentor/MatchAndMentor/src/components/simple/SignUpName.js": {"path":"/Users/sc-ktucker-osx/Desktop/ReactNative/mentor/MatchAndMentor/src/components/simple/SignUpName.js","statementMap":{"0":{"start":{"line":15,"column":15},"end":{"line":40,"column":1}},"1":{"start":{"line":43,"column":2},"end":{"line":43,"column":21}},"2":{"start":{"line":44,"column":2},"end":{"line":44,"column":29}},"3":{"start":{"line":47,"column":2},"end":{"line":76,"column":4}},"4":{"start":{"line":54,"column":35},"end":{"line":54,"column":68}},"5":{"start":{"line":68,"column":27},"end":{"line":68,"column":61}}},"fnMap":{"0":{"name":"submit","decl":{"start":{"line":42,"column":9},"end":{"line":42,"column":15}},"loc":{"start":{"line":42,"column":32},"end":{"line":45,"column":1}},"line":42},"1":{"name":"SignUpName","decl":{"start":{"line":46,"column":9},"end":{"line":46,"column":19}},"loc":{"start":{"line":46,"column":27},"end":{"line":77,"column":1}},"line":46},"2":{"name":"(anonymous_2)","decl":{"start":{"line":54,"column":26},"end":{"line":54,"column":27}},"loc":{"start":{"line":54,"column":35},"end":{"line":54,"column":68}},"line":54},"3":{"name":"(anonymous_3)","decl":{"start":{"line":68,"column":21},"end":{"line":68,"column":22}},"loc":{"start":{"line":68,"column":27},"end":{"line":68,"column":61}},"line":68}},"branchMap":{"0":{"loc":{"start":{"line":37,"column":23},"end":{"line":37,"column":52}},"type":"cond-expr","locations":[{"start":{"line":37,"column":47},"end":{"line":37,"column":48}},{"start":{"line":37,"column":51},"end":{"line":37,"column":52}}],"line":37},"1":{"loc":{"start":{"line":64,"column":14},"end":{"line":66,"column":71}},"type":"cond-expr","locations":[{"start":{"line":65,"column":18},"end":{"line":65,"column":36}},{"start":{"line":66,"column":18},"end":{"line":66,"column":71}}],"line":64},"2":{"loc":{"start":{"line":64,"column":14},"end":{"line":64,"column":54}},"type":"binary-expr","locations":[{"start":{"line":64,"column":14},"end":{"line":64,"column":33}},{"start":{"line":64,"column":37},"end":{"line":64,"column":54}}],"line":64},"3":{"loc":{"start":{"line":69,"column":22},"end":{"line":69,"column":62}},"type":"binary-expr","locations":[{"start":{"line":69,"column":22},"end":{"line":69,"column":41}},{"start":{"line":69,"column":45},"end":{"line":69,"column":62}}],"line":69}},"s":{"0":2,"1":1,"2":1,"3":1,"4":1,"5":1},"f":{"0":1,"1":1,"2":1,"3":1},"b":{"0":[2,0],"1":[1,0],"2":[1,1],"3":[1,1]},"_coverageSchema":"332fd63041d2c1bcb487cc26dd0d5f7d97098a6c","hash":"f39d40006b3fcbfa965d83758d5b8d800382d184"}
,"/Users/sc-ktucker-osx/Desktop/ReactNative/mentor/MatchAndMentor/src/components/simple/SignUpRoles.js": {"path":"/Users/sc-ktucker-osx/Desktop/ReactNative/mentor/MatchAndMentor/src/components/simple/SignUpRoles.js","statementMap":{"0":{"start":{"line":9,"column":15},"end":{"line":45,"column":1}},"1":{"start":{"line":48,"column":2},"end":{"line":54,"column":3}},"2":{"start":{"line":49,"column":4},"end":{"line":49,"column":57}},"3":{"start":{"line":50,"column":9},"end":{"line":54,"column":3}},"4":{"start":{"line":51,"column":4},"end":{"line":51,"column":46}},"5":{"start":{"line":53,"column":4},"end":{"line":53,"column":46}},"6":{"start":{"line":58,"column":2},"end":{"line":97,"column":4}},"7":{"start":{"line":67,"column":25},"end":{"line":67,"column":80}},"8":{"start":{"line":77,"column":25},"end":{"line":77,"column":80}},"9":{"start":{"line":90,"column":25},"end":{"line":90,"column":38}}},"fnMap":{"0":{"name":"submit","decl":{"start":{"line":47,"column":9},"end":{"line":47,"column":15}},"loc":{"start":{"line":47,"column":23},"end":{"line":55,"column":1}},"line":47},"1":{"name":"SignUpRoles","decl":{"start":{"line":57,"column":9},"end":{"line":57,"column":20}},"loc":{"start":{"line":57,"column":28},"end":{"line":98,"column":1}},"line":57},"2":{"name":"(anonymous_2)","decl":{"start":{"line":67,"column":19},"end":{"line":67,"column":20}},"loc":{"start":{"line":67,"column":25},"end":{"line":67,"column":80}},"line":67},"3":{"name":"(anonymous_3)","decl":{"start":{"line":77,"column":19},"end":{"line":77,"column":20}},"loc":{"start":{"line":77,"column":25},"end":{"line":77,"column":80}},"line":77},"4":{"name":"(anonymous_4)","decl":{"start":{"line":90,"column":19},"end":{"line":90,"column":20}},"loc":{"start":{"line":90,"column":25},"end":{"line":90,"column":38}},"line":90}},"branchMap":{"0":{"loc":{"start":{"line":48,"column":2},"end":{"line":54,"column":3}},"type":"if","locations":[{"start":{"line":48,"column":2},"end":{"line":54,"column":3}},{"start":{"line":48,"column":2},"end":{"line":54,"column":3}}],"line":48},"1":{"loc":{"start":{"line":48,"column":6},"end":{"line":48,"column":50}},"type":"binary-expr","locations":[{"start":{"line":48,"column":6},"end":{"line":48,"column":26}},{"start":{"line":48,"column":30},"end":{"line":48,"column":50}}],"line":48},"2":{"loc":{"start":{"line":50,"column":9},"end":{"line":54,"column":3}},"type":"if","locations":[{"start":{"line":50,"column":9},"end":{"line":54,"column":3}},{"start":{"line":50,"column":9},"end":{"line":54,"column":3}}],"line":50},"3":{"loc":{"start":{"line":63,"column":10},"end":{"line":65,"column":30}},"type":"cond-expr","locations":[{"start":{"line":64,"column":14},"end":{"line":64,"column":65}},{"start":{"line":65,"column":14},"end":{"line":65,"column":30}}],"line":63},"4":{"loc":{"start":{"line":73,"column":10},"end":{"line":75,"column":30}},"type":"cond-expr","locations":[{"start":{"line":74,"column":14},"end":{"line":74,"column":65}},{"start":{"line":75,"column":14},"end":{"line":75,"column":30}}],"line":73},"5":{"loc":{"start":{"line":86,"column":12},"end":{"line":88,"column":69}},"type":"cond-expr","locations":[{"start":{"line":87,"column":16},"end":{"line":87,"column":34}},{"start":{"line":88,"column":16},"end":{"line":88,"column":69}}],"line":86},"6":{"loc":{"start":{"line":86,"column":13},"end":{"line":86,"column":57}},"type":"binary-expr","locations":[{"start":{"line":86,"column":13},"end":{"line":86,"column":33}},{"start":{"line":86,"column":37},"end":{"line":86,"column":57}}],"line":86},"7":{"loc":{"start":{"line":91,"column":20},"end":{"line":91,"column":66}},"type":"binary-expr","locations":[{"start":{"line":91,"column":20},"end":{"line":91,"column":41}},{"start":{"line":91,"column":45},"end":{"line":91,"column":66}}],"line":91}},"s":{"0":2,"1":3,"2":1,"3":2,"4":1,"5":1,"6":6,"7":1,"8":1,"9":3},"f":{"0":3,"1":6,"2":1,"3":1,"4":3},"b":{"0":[1,2],"1":[3,2],"2":[1,1],"3":[3,3],"4":[3,3],"5":[5,1],"6":[6,3],"7":[6,3]},"_coverageSchema":"332fd63041d2c1bcb487cc26dd0d5f7d97098a6c","hash":"30008a96ad2aa3287b0c2c256563bb193eb0d267"}
,"/Users/sc-ktucker-osx/Desktop/ReactNative/mentor/MatchAndMentor/src/navigation/Routes.js": {"path":"/Users/sc-ktucker-osx/Desktop/ReactNative/mentor/MatchAndMentor/src/navigation/Routes.js","statementMap":{"0":{"start":{"line":5,"column":15},"end":{"line":9,"column":1}}},"fnMap":{},"branchMap":{},"s":{"0":1},"f":{},"b":{},"_coverageSchema":"332fd63041d2c1bcb487cc26dd0d5f7d97098a6c","hash":"96eccd0f129c9baf33bbecf7022ae3e026655ac0"}
,"/Users/sc-ktucker-osx/Desktop/ReactNative/mentor/MatchAndMentor/src/reducers/NavigationReducer.js": {"path":"/Users/sc-ktucker-osx/Desktop/ReactNative/mentor/MatchAndMentor/src/reducers/NavigationReducer.js","statementMap":{"0":{"start":{"line":7,"column":2},"end":{"line":29,"column":3}},"1":{"start":{"line":9,"column":6},"end":{"line":12,"column":8}},"2":{"start":{"line":13,"column":6},"end":{"line":13,"column":12}},"3":{"start":{"line":15,"column":6},"end":{"line":18,"column":8}},"4":{"start":{"line":19,"column":6},"end":{"line":19,"column":12}},"5":{"start":{"line":21,"column":6},"end":{"line":24,"column":8}},"6":{"start":{"line":25,"column":6},"end":{"line":25,"column":12}},"7":{"start":{"line":27,"column":6},"end":{"line":27,"column":71}},"8":{"start":{"line":28,"column":6},"end":{"line":28,"column":12}},"9":{"start":{"line":30,"column":2},"end":{"line":30,"column":28}}},"fnMap":{"0":{"name":"(anonymous_0)","decl":{"start":{"line":5,"column":15},"end":{"line":5,"column":16}},"loc":{"start":{"line":5,"column":34},"end":{"line":31,"column":1}},"line":5}},"branchMap":{"0":{"loc":{"start":{"line":7,"column":2},"end":{"line":29,"column":3}},"type":"switch","locations":[{"start":{"line":8,"column":4},"end":{"line":13,"column":12}},{"start":{"line":14,"column":4},"end":{"line":19,"column":12}},{"start":{"line":20,"column":4},"end":{"line":25,"column":12}},{"start":{"line":26,"column":4},"end":{"line":28,"column":12}}],"line":7},"1":{"loc":{"start":{"line":30,"column":9},"end":{"line":30,"column":27}},"type":"binary-expr","locations":[{"start":{"line":30,"column":9},"end":{"line":30,"column":18}},{"start":{"line":30,"column":22},"end":{"line":30,"column":27}}],"line":30}},"s":{"0":4,"1":1,"2":1,"3":1,"4":1,"5":1,"6":1,"7":1,"8":1,"9":4},"f":{"0":4},"b":{"0":[1,1,1,1],"1":[4,0]},"_coverageSchema":"332fd63041d2c1bcb487cc26dd0d5f7d97098a6c","hash":"8081c4d4b22bea0221010efb148021080bfaa7f8"}
,"/Users/sc-ktucker-osx/Desktop/ReactNative/mentor/MatchAndMentor/src/reducers/UserReducer.js": {"path":"/Users/sc-ktucker-osx/Desktop/ReactNative/mentor/MatchAndMentor/src/reducers/UserReducer.js","statementMap":{"0":{"start":{"line":3,"column":22},"end":{"line":8,"column":1}},"1":{"start":{"line":11,"column":2},"end":{"line":26,"column":3}},"2":{"start":{"line":13,"column":6},"end":{"line":13,"column":48}},"3":{"start":{"line":16,"column":6},"end":{"line":16,"column":49}},"4":{"start":{"line":19,"column":6},"end":{"line":19,"column":58}},"5":{"start":{"line":22,"column":6},"end":{"line":22,"column":58}},"6":{"start":{"line":25,"column":6},"end":{"line":25,"column":19}}},"fnMap":{"0":{"name":"(anonymous_0)","decl":{"start":{"line":10,"column":15},"end":{"line":10,"column":16}},"loc":{"start":{"line":10,"column":50},"end":{"line":27,"column":1}},"line":10}},"branchMap":{"0":{"loc":{"start":{"line":10,"column":16},"end":{"line":10,"column":37}},"type":"default-arg","locations":[{"start":{"line":10,"column":24},"end":{"line":10,"column":37}}],"line":10},"1":{"loc":{"start":{"line":11,"column":2},"end":{"line":26,"column":3}},"type":"switch","locations":[{"start":{"line":12,"column":4},"end":{"line":14,"column":5}},{"start":{"line":15,"column":4},"end":{"line":17,"column":5}},{"start":{"line":18,"column":4},"end":{"line":20,"column":5}},{"start":{"line":21,"column":4},"end":{"line":23,"column":5}},{"start":{"line":24,"column":4},"end":{"line":25,"column":19}}],"line":11}},"s":{"0":1,"1":5,"2":1,"3":1,"4":1,"5":1,"6":1},"f":{"0":5},"b":{"0":[1],"1":[1,1,1,1,1]},"_coverageSchema":"332fd63041d2c1bcb487cc26dd0d5f7d97098a6c","hash":"d6a47e41247a1889d29d845921092f8d903e8acf"}
}
