{"/Users/sc-ktucker-osx/Desktop/ReactNative/mentor/MatchAndMentor/setupTests.js": {"path":"/Users/sc-ktucker-osx/Desktop/ReactNative/mentor/MatchAndMentor/setupTests.js","statementMap":{"0":{"start":{"line":1,"column":24},"end":{"line":14,"column":1}},"1":{"start":{"line":2,"column":2},"end":{"line":4,"column":3}},"2":{"start":{"line":3,"column":4},"end":{"line":3,"column":15}},"3":{"start":{"line":5,"column":2},"end":{"line":13,"column":3}},"4":{"start":{"line":6,"column":17},"end":{"line":6,"column":30}},"5":{"start":{"line":7,"column":4},"end":{"line":12,"column":5}},"6":{"start":{"line":8,"column":17},"end":{"line":8,"column":44}},"7":{"start":{"line":9,"column":6},"end":{"line":11,"column":7}},"8":{"start":{"line":10,"column":8},"end":{"line":10,"column":19}}},"fnMap":{"0":{"name":"(anonymous_0)","decl":{"start":{"line":1,"column":24},"end":{"line":1,"column":25}},"loc":{"start":{"line":1,"column":48},"end":{"line":14,"column":1}},"line":1}},"branchMap":{"0":{"loc":{"start":{"line":2,"column":2},"end":{"line":4,"column":3}},"type":"if","locations":[{"start":{"line":2,"column":2},"end":{"line":4,"column":3}},{"start":{"line":2,"column":2},"end":{"line":4,"column":3}}],"line":2},"1":{"loc":{"start":{"line":2,"column":6},"end":{"line":2,"column":48}},"type":"binary-expr","locations":[{"start":{"line":2,"column":6},"end":{"line":2,"column":16}},{"start":{"line":2,"column":20},"end":{"line":2,"column":48}}],"line":2},"2":{"loc":{"start":{"line":5,"column":2},"end":{"line":13,"column":3}},"type":"if","locations":[{"start":{"line":5,"column":2},"end":{"line":13,"column":3}},{"start":{"line":5,"column":2},"end":{"line":13,"column":3}}],"line":5},"3":{"loc":{"start":{"line":5,"column":6},"end":{"line":5,"column":47}},"type":"binary-expr","locations":[{"start":{"line":5,"column":6},"end":{"line":5,"column":19}},{"start":{"line":5,"column":23},"end":{"line":5,"column":47}}],"line":5},"4":{"loc":{"start":{"line":9,"column":6},"end":{"line":11,"column":7}},"type":"if","locations":[{"start":{"line":9,"column":6},"end":{"line":11,"column":7}},{"start":{"line":9,"column":6},"end":{"line":11,"column":7}}],"line":9}},"s":{"0":1,"1":14,"2":2,"3":12,"4":9,"5":9,"6":12,"7":12,"8":4},"f":{"0":14},"b":{"0":[2,12],"1":[14,12],"2":[9,3],"3":[12,9],"4":[4,8]},"_coverageSchema":"332fd63041d2c1bcb487cc26dd0d5f7d97098a6c","hash":"50e9a1fb30a33636a97331f4e79f88f1bd84bf06"}
,"/Users/sc-ktucker-osx/Desktop/ReactNative/mentor/MatchAndMentor/src/actions/UserActions.js": {"path":"/Users/sc-ktucker-osx/Desktop/ReactNative/mentor/MatchAndMentor/src/actions/UserActions.js","statementMap":{"0":{"start":{"line":4,"column":26},"end":{"line":11,"column":1}},"1":{"start":{"line":5,"column":26},"end":{"line":5,"column":41}},"2":{"start":{"line":6,"column":2},"end":{"line":10,"column":3}},"3":{"start":{"line":7,"column":4},"end":{"line":9,"column":6}},"4":{"start":{"line":8,"column":6},"end":{"line":8,"column":37}},"5":{"start":{"line":13,"column":26},"end":{"line":18,"column":1}},"6":{"start":{"line":14,"column":2},"end":{"line":17,"column":3}}},"fnMap":{"0":{"name":"(anonymous_0)","decl":{"start":{"line":4,"column":26},"end":{"line":4,"column":27}},"loc":{"start":{"line":4,"column":36},"end":{"line":11,"column":1}},"line":4},"1":{"name":"(anonymous_1)","decl":{"start":{"line":6,"column":9},"end":{"line":6,"column":10}},"loc":{"start":{"line":6,"column":23},"end":{"line":10,"column":3}},"line":6},"2":{"name":"(anonymous_2)","decl":{"start":{"line":7,"column":82},"end":{"line":7,"column":83}},"loc":{"start":{"line":7,"column":88},"end":{"line":9,"column":5}},"line":7},"3":{"name":"(anonymous_3)","decl":{"start":{"line":13,"column":26},"end":{"line":13,"column":27}},"loc":{"start":{"line":13,"column":36},"end":{"line":18,"column":1}},"line":13}},"branchMap":{},"s":{"0":3,"1":2,"2":2,"3":1,"4":1,"5":3,"6":2},"f":{"0":2,"1":1,"2":1,"3":2},"b":{},"_coverageSchema":"332fd63041d2c1bcb487cc26dd0d5f7d97098a6c","hash":"a52fb39952f5bb17ea112337dbac1d45b730c2c3"}
,"/Users/sc-ktucker-osx/Desktop/ReactNative/mentor/MatchAndMentor/src/actions/index.js": {"path":"/Users/sc-ktucker-osx/Desktop/ReactNative/mentor/MatchAndMentor/src/actions/index.js","statementMap":{},"fnMap":{},"branchMap":{},"s":{},"f":{},"b":{},"_coverageSchema":"332fd63041d2c1bcb487cc26dd0d5f7d97098a6c","hash":"58bea177d4fe89c639172598845110b31234a88b"}
,"/Users/sc-ktucker-osx/Desktop/ReactNative/mentor/MatchAndMentor/src/actions/types.js": {"path":"/Users/sc-ktucker-osx/Desktop/ReactNative/mentor/MatchAndMentor/src/actions/types.js","statementMap":{"0":{"start":{"line":1,"column":27},"end":{"line":1,"column":39}},"1":{"start":{"line":2,"column":27},"end":{"line":2,"column":39}},"2":{"start":{"line":3,"column":27},"end":{"line":3,"column":40}}},"fnMap":{},"branchMap":{},"s":{"0":4,"1":4,"2":4},"f":{},"b":{},"_coverageSchema":"332fd63041d2c1bcb487cc26dd0d5f7d97098a6c","hash":"bbe4103554f9bf126aa61c46ca278f8f10a1e2e0"}
,"/Users/sc-ktucker-osx/Desktop/ReactNative/mentor/MatchAndMentor/src/components/simple/Button.js": {"path":"/Users/sc-ktucker-osx/Desktop/ReactNative/mentor/MatchAndMentor/src/components/simple/Button.js","statementMap":{"0":{"start":{"line":5,"column":2},"end":{"line":9,"column":3}}},"fnMap":{"0":{"name":"Button","decl":{"start":{"line":4,"column":9},"end":{"line":4,"column":15}},"loc":{"start":{"line":4,"column":63},"end":{"line":10,"column":1}},"line":4}},"branchMap":{},"s":{"0":2},"f":{"0":2},"b":{},"_coverageSchema":"332fd63041d2c1bcb487cc26dd0d5f7d97098a6c","hash":"154801fb1d3c33995e5017abdb89cbf0b8814cce"}
,"/Users/sc-ktucker-osx/Desktop/ReactNative/mentor/MatchAndMentor/src/components/simple/ScreenHeader.js": {"path":"/Users/sc-ktucker-osx/Desktop/ReactNative/mentor/MatchAndMentor/src/components/simple/ScreenHeader.js","statementMap":{"0":{"start":{"line":5,"column":2},"end":{"line":9,"column":3}},"1":{"start":{"line":12,"column":15},"end":{"line":20,"column":1}}},"fnMap":{"0":{"name":"ScreenHeader","decl":{"start":{"line":4,"column":9},"end":{"line":4,"column":21}},"loc":{"start":{"line":4,"column":32},"end":{"line":10,"column":1}},"line":4}},"branchMap":{},"s":{"0":2,"1":3},"f":{"0":2},"b":{},"_coverageSchema":"332fd63041d2c1bcb487cc26dd0d5f7d97098a6c","hash":"880b16cbfab3519507d40f5110db09b29bbaeda6"}
,"/Users/sc-ktucker-osx/Desktop/ReactNative/mentor/MatchAndMentor/src/components/simple/SignUpName.js": {"path":"/Users/sc-ktucker-osx/Desktop/ReactNative/mentor/MatchAndMentor/src/components/simple/SignUpName.js","statementMap":{"0":{"start":{"line":7,"column":15},"end":{"line":31,"column":1}},"1":{"start":{"line":34,"column":2},"end":{"line":34,"column":20}},"2":{"start":{"line":35,"column":2},"end":{"line":35,"column":28}},"3":{"start":{"line":38,"column":2},"end":{"line":54,"column":3}},"4":{"start":{"line":43,"column":72},"end":{"line":43,"column":105}},"5":{"start":{"line":48,"column":27},"end":{"line":48,"column":61}}},"fnMap":{"0":{"name":"submit","decl":{"start":{"line":33,"column":9},"end":{"line":33,"column":15}},"loc":{"start":{"line":33,"column":33},"end":{"line":36,"column":1}},"line":33},"1":{"name":"SignUpName","decl":{"start":{"line":37,"column":9},"end":{"line":37,"column":19}},"loc":{"start":{"line":37,"column":28},"end":{"line":55,"column":1}},"line":37},"2":{"name":"(anonymous_2)","decl":{"start":{"line":43,"column":61},"end":{"line":43,"column":62}},"loc":{"start":{"line":43,"column":72},"end":{"line":43,"column":105}},"line":43},"3":{"name":"(anonymous_3)","decl":{"start":{"line":48,"column":21},"end":{"line":48,"column":22}},"loc":{"start":{"line":48,"column":27},"end":{"line":48,"column":61}},"line":48}},"branchMap":{"0":{"loc":{"start":{"line":28,"column":23},"end":{"line":28,"column":52}},"type":"cond-expr","locations":[{"start":{"line":28,"column":47},"end":{"line":28,"column":48}},{"start":{"line":28,"column":51},"end":{"line":28,"column":52}}],"line":28},"1":{"loc":{"start":{"line":47,"column":25},"end":{"line":47,"column":142}},"type":"cond-expr","locations":[{"start":{"line":47,"column":70},"end":{"line":47,"column":88}},{"start":{"line":47,"column":91},"end":{"line":47,"column":142}}],"line":47},"2":{"loc":{"start":{"line":47,"column":26},"end":{"line":47,"column":66}},"type":"binary-expr","locations":[{"start":{"line":47,"column":26},"end":{"line":47,"column":45}},{"start":{"line":47,"column":49},"end":{"line":47,"column":66}}],"line":47},"3":{"loc":{"start":{"line":48,"column":74},"end":{"line":48,"column":114}},"type":"binary-expr","locations":[{"start":{"line":48,"column":74},"end":{"line":48,"column":93}},{"start":{"line":48,"column":97},"end":{"line":48,"column":114}}],"line":48}},"s":{"0":2,"1":1,"2":1,"3":1,"4":1,"5":1},"f":{"0":1,"1":1,"2":1,"3":1},"b":{"0":[2,0],"1":[1,0],"2":[1,1],"3":[1,1]},"_coverageSchema":"332fd63041d2c1bcb487cc26dd0d5f7d97098a6c","hash":"aac4a510c42a834d95ac4b4c94d2ea3968ef70b0"}
,"/Users/sc-ktucker-osx/Desktop/ReactNative/mentor/MatchAndMentor/src/navigation/Routes.js": {"path":"/Users/sc-ktucker-osx/Desktop/ReactNative/mentor/MatchAndMentor/src/navigation/Routes.js","statementMap":{"0":{"start":{"line":4,"column":15},"end":{"line":7,"column":1}}},"fnMap":{},"branchMap":{},"s":{"0":1},"f":{},"b":{},"_coverageSchema":"332fd63041d2c1bcb487cc26dd0d5f7d97098a6c","hash":"9266f36609c26d455d97a4d19c517a0ce11c2d3e"}
,"/Users/sc-ktucker-osx/Desktop/ReactNative/mentor/MatchAndMentor/src/reducers/NavigationReducer.js": {"path":"/Users/sc-ktucker-osx/Desktop/ReactNative/mentor/MatchAndMentor/src/reducers/NavigationReducer.js","statementMap":{"0":{"start":{"line":7,"column":2},"end":{"line":23,"column":3}},"1":{"start":{"line":9,"column":6},"end":{"line":12,"column":7}},"2":{"start":{"line":13,"column":6},"end":{"line":13,"column":11}},"3":{"start":{"line":15,"column":6},"end":{"line":18,"column":7}},"4":{"start":{"line":19,"column":6},"end":{"line":19,"column":11}},"5":{"start":{"line":21,"column":6},"end":{"line":21,"column":70}},"6":{"start":{"line":22,"column":6},"end":{"line":22,"column":11}},"7":{"start":{"line":24,"column":2},"end":{"line":24,"column":27}}},"fnMap":{"0":{"name":"(anonymous_0)","decl":{"start":{"line":5,"column":15},"end":{"line":5,"column":16}},"loc":{"start":{"line":5,"column":34},"end":{"line":25,"column":1}},"line":5}},"branchMap":{"0":{"loc":{"start":{"line":7,"column":2},"end":{"line":23,"column":3}},"type":"switch","locations":[{"start":{"line":8,"column":4},"end":{"line":13,"column":11}},{"start":{"line":14,"column":4},"end":{"line":19,"column":11}},{"start":{"line":20,"column":4},"end":{"line":22,"column":11}}],"line":7},"1":{"loc":{"start":{"line":24,"column":9},"end":{"line":24,"column":27}},"type":"binary-expr","locations":[{"start":{"line":24,"column":9},"end":{"line":24,"column":18}},{"start":{"line":24,"column":22},"end":{"line":24,"column":27}}],"line":24}},"s":{"0":3,"1":1,"2":1,"3":1,"4":1,"5":1,"6":1,"7":3},"f":{"0":3},"b":{"0":[1,1,1],"1":[3,0]},"_coverageSchema":"332fd63041d2c1bcb487cc26dd0d5f7d97098a6c","hash":"3477c9dc5fcc045c17e662fcff707dfd36151a54"}
,"/Users/sc-ktucker-osx/Desktop/ReactNative/mentor/MatchAndMentor/src/reducers/UserReducer.js": {"path":"/Users/sc-ktucker-osx/Desktop/ReactNative/mentor/MatchAndMentor/src/reducers/UserReducer.js","statementMap":{"0":{"start":{"line":3,"column":22},"end":{"line":5,"column":1}},"1":{"start":{"line":8,"column":2},"end":{"line":14,"column":3}},"2":{"start":{"line":10,"column":6},"end":{"line":10,"column":47}},"3":{"start":{"line":13,"column":6},"end":{"line":13,"column":18}}},"fnMap":{"0":{"name":"(anonymous_0)","decl":{"start":{"line":7,"column":15},"end":{"line":7,"column":16}},"loc":{"start":{"line":7,"column":50},"end":{"line":15,"column":1}},"line":7}},"branchMap":{"0":{"loc":{"start":{"line":7,"column":16},"end":{"line":7,"column":37}},"type":"default-arg","locations":[{"start":{"line":7,"column":24},"end":{"line":7,"column":37}}],"line":7},"1":{"loc":{"start":{"line":8,"column":2},"end":{"line":14,"column":3}},"type":"switch","locations":[{"start":{"line":9,"column":4},"end":{"line":11,"column":5}},{"start":{"line":12,"column":4},"end":{"line":13,"column":18}}],"line":8}},"s":{"0":1,"1":2,"2":1,"3":1},"f":{"0":2},"b":{"0":[1],"1":[1,1]},"_coverageSchema":"332fd63041d2c1bcb487cc26dd0d5f7d97098a6c","hash":"876fc17b1f5ed216f560ae2573ba3dc82ce0c0dc"}
}
