TN:
SF:/Users/gpspake/code/MatchAndMentor/setupTests.js
FN:1,(anonymous_0)
FNF:1
FNH:1
FNDA:104,(anonymous_0)
DA:1,3
DA:2,104
DA:3,11
DA:5,93
DA:6,65
DA:7,65
DA:8,93
DA:9,93
DA:10,22
LF:9
LH:9
BRDA:2,0,0,11
BRDA:2,0,1,93
BRDA:2,1,0,104
BRDA:2,1,1,81
BRDA:5,2,0,65
BRDA:5,2,1,28
BRDA:5,3,0,93
BRDA:5,3,1,65
BRDA:9,4,0,22
BRDA:9,4,1,71
BRF:10
BRH:10
end_of_record
TN:
SF:/Users/gpspake/code/MatchAndMentor/src/firebase.js
FNF:0
FNH:0
DA:4,4
DA:12,4
DA:16,4
DA:17,4
DA:18,4
LF:5
LH:5
BRF:0
BRH:0
end_of_record
TN:
SF:/Users/gpspake/code/MatchAndMentor/src/actions/UserActions.js
FN:20,(anonymous_0)
FN:22,(anonymous_1)
FN:26,(anonymous_2)
FN:32,(anonymous_3)
FN:37,(anonymous_4)
FN:39,(anonymous_5)
FN:43,(anonymous_6)
FN:49,(anonymous_7)
FN:54,(anonymous_8)
FN:59,(anonymous_9)
FN:64,(anonymous_10)
FN:67,(anonymous_11)
FN:71,(anonymous_12)
FN:76,(anonymous_13)
FN:80,(anonymous_14)
FN:87,(anonymous_15)
FN:92,(anonymous_16)
FN:95,(anonymous_17)
FN:99,(anonymous_18)
FN:105,(anonymous_19)
FN:109,(anonymous_20)
FN:116,(anonymous_21)
FN:121,(anonymous_22)
FN:126,(anonymous_23)
FN:131,(anonymous_24)
FN:131,(anonymous_25)
FN:139,(anonymous_26)
FN:139,(anonymous_27)
FNF:28
FNH:21
FNDA:2,(anonymous_0)
FNDA:1,(anonymous_1)
FNDA:1,(anonymous_2)
FNDA:2,(anonymous_3)
FNDA:4,(anonymous_4)
FNDA:1,(anonymous_5)
FNDA:1,(anonymous_6)
FNDA:2,(anonymous_7)
FNDA:2,(anonymous_8)
FNDA:2,(anonymous_9)
FNDA:3,(anonymous_10)
FNDA:1,(anonymous_11)
FNDA:1,(anonymous_12)
FNDA:1,(anonymous_13)
FNDA:1,(anonymous_14)
FNDA:2,(anonymous_15)
FNDA:3,(anonymous_16)
FNDA:1,(anonymous_17)
FNDA:1,(anonymous_18)
FNDA:1,(anonymous_19)
FNDA:1,(anonymous_20)
FNDA:0,(anonymous_21)
FNDA:0,(anonymous_22)
FNDA:0,(anonymous_23)
FNDA:0,(anonymous_24)
FNDA:0,(anonymous_25)
FNDA:0,(anonymous_26)
FNDA:0,(anonymous_27)
DA:20,5
DA:21,2
DA:22,2
DA:23,1
DA:27,1
DA:32,5
DA:37,5
DA:38,4
DA:39,4
DA:40,1
DA:44,1
DA:49,5
DA:54,5
DA:59,5
DA:64,5
DA:65,3
DA:66,3
DA:67,2
DA:68,1
DA:72,1
DA:76,1
DA:77,1
DA:81,1
DA:82,1
DA:87,5
DA:92,5
DA:93,3
DA:94,3
DA:95,1
DA:96,1
DA:100,1
DA:101,1
DA:105,2
DA:106,1
DA:110,1
DA:111,1
DA:116,5
DA:121,5
DA:126,5
DA:131,5
DA:135,0
DA:136,0
DA:139,5
DA:140,0
LF:44
LH:41
BRDA:66,0,0,2
BRDA:66,0,1,1
BRDA:94,1,0,1
BRDA:94,1,1,2
BRF:4
BRH:4
end_of_record
TN:
SF:/Users/gpspake/code/MatchAndMentor/src/actions/index.js
FNF:0
FNH:0
LF:0
LH:0
BRF:0
BRH:0
end_of_record
TN:
SF:/Users/gpspake/code/MatchAndMentor/src/actions/types.js
FNF:0
FNH:0
DA:1,6
DA:2,6
DA:3,6
DA:4,6
DA:5,6
DA:10,6
DA:11,6
DA:12,6
DA:13,6
DA:14,6
DA:15,6
DA:16,6
DA:17,6
DA:18,6
DA:19,6
DA:20,6
DA:21,6
LF:17
LH:17
BRF:0
BRH:0
end_of_record
TN:
SF:/Users/gpspake/code/MatchAndMentor/src/components/simple/Button.js
FN:5,Button
FNF:1
FNH:1
FNDA:26,Button
DA:6,26
DA:17,5
LF:2
LH:2
BRF:0
BRH:0
end_of_record
TN:
SF:/Users/gpspake/code/MatchAndMentor/src/components/simple/ScreenHeader.js
FN:15,ScreenHeader
FNF:1
FNH:1
FNDA:8,ScreenHeader
DA:4,4
DA:16,8
LF:2
LH:2
BRF:0
BRH:0
end_of_record
TN:
SF:/Users/gpspake/code/MatchAndMentor/src/components/simple/SignUpName.js
FN:44,submit
FN:48,SignUpName
FN:56,(anonymous_2)
FN:70,(anonymous_3)
FNF:4
FNH:4
FNDA:1,submit
FNDA:1,SignUpName
FNDA:1,(anonymous_2)
FNDA:1,(anonymous_3)
DA:15,2
DA:45,1
DA:46,1
DA:49,1
DA:56,1
DA:70,1
LF:6
LH:6
BRDA:37,0,0,2
BRDA:37,0,1,0
BRDA:66,1,0,1
BRDA:66,1,1,0
BRDA:66,2,0,1
BRDA:66,2,1,1
BRDA:71,3,0,1
BRDA:71,3,1,1
BRF:8
BRH:6
end_of_record
TN:
SF:/Users/gpspake/code/MatchAndMentor/src/components/simple/SignUpRoles.js
FN:47,submit
FN:57,SignUpRoles
FN:68,(anonymous_2)
FN:80,(anonymous_3)
FN:94,(anonymous_4)
FNF:5
FNH:5
FNDA:3,submit
FNDA:6,SignUpRoles
FNDA:1,(anonymous_2)
FNDA:1,(anonymous_3)
FNDA:3,(anonymous_4)
DA:9,2
DA:48,3
DA:49,1
DA:50,2
DA:51,1
DA:53,1
DA:58,6
DA:69,1
DA:81,1
DA:94,3
LF:10
LH:10
BRDA:48,0,0,1
BRDA:48,0,1,2
BRDA:48,1,0,3
BRDA:48,1,1,2
BRDA:50,2,0,1
BRDA:50,2,1,1
BRDA:64,3,0,3
BRDA:64,3,1,3
BRDA:76,4,0,3
BRDA:76,4,1,3
BRDA:90,5,0,5
BRDA:90,5,1,1
BRDA:90,6,0,6
BRDA:90,6,1,3
BRDA:95,7,0,6
BRDA:95,7,1,3
BRF:16
BRH:16
end_of_record
TN:
SF:/Users/gpspake/code/MatchAndMentor/src/components/simple/SignUpSkills.js
FN:60,(anonymous_0)
FN:80,(anonymous_1)
FN:81,(anonymous_2)
FN:87,(anonymous_3)
FN:96,(anonymous_4)
FN:106,(anonymous_5)
FN:119,(anonymous_6)
FN:123,(anonymous_7)
FN:131,(anonymous_8)
FN:146,(anonymous_9)
FNF:10
FNH:0
FNDA:0,(anonymous_0)
FNDA:0,(anonymous_1)
FNDA:0,(anonymous_2)
FNDA:0,(anonymous_3)
FNDA:0,(anonymous_4)
FNDA:0,(anonymous_5)
FNDA:0,(anonymous_6)
FNDA:0,(anonymous_7)
FNDA:0,(anonymous_8)
FNDA:0,(anonymous_9)
DA:18,1
DA:60,1
DA:61,0
DA:80,1
DA:81,0
DA:87,1
DA:88,0
DA:96,1
DA:97,0
DA:98,0
DA:106,0
DA:120,0
DA:124,0
DA:132,0
DA:146,0
LF:15
LH:5
BRDA:40,0,0,1
BRDA:40,0,1,0
BRDA:142,1,0,0
BRDA:142,1,1,0
BRDA:142,2,0,0
BRDA:142,2,1,0
BRDA:147,3,0,0
BRDA:147,3,1,0
BRF:8
BRH:1
end_of_record
TN:
SF:/Users/gpspake/code/MatchAndMentor/src/components/simple/Summary.js
FN:48,submit
FN:57,onChangeText
FN:65,Summary
FN:72,(anonymous_3)
FN:88,(anonymous_4)
FN:106,(anonymous_5)
FNF:6
FNH:6
FNDA:2,submit
FNDA:2,onChangeText
FNDA:6,Summary
FNDA:2,(anonymous_3)
FNDA:1,(anonymous_4)
FNDA:1,(anonymous_5)
DA:11,2
DA:49,2
DA:50,2
DA:51,1
DA:53,1
DA:58,2
DA:59,1
DA:61,1
DA:66,6
DA:72,2
DA:89,1
DA:107,1
LF:12
LH:12
BRDA:38,0,0,2
BRDA:38,0,1,0
BRDA:50,1,0,1
BRDA:50,1,1,1
BRDA:58,2,0,1
BRDA:58,2,1,1
BRDA:81,3,0,3
BRDA:81,3,1,3
BRDA:84,4,0,3
BRDA:84,4,1,0
BRDA:102,5,0,3
BRDA:102,5,1,0
BRF:12
BRH:9
end_of_record
TN:
SF:/Users/gpspake/code/MatchAndMentor/src/navigation/Routes.js
FNF:0
FNH:0
DA:8,1
LF:1
LH:1
BRF:0
BRH:0
end_of_record
TN:
SF:/Users/gpspake/code/MatchAndMentor/src/reducers/NavigationReducer.js
FN:12,(anonymous_0)
FNF:1
FNH:1
FNDA:7,(anonymous_0)
DA:14,7
DA:16,1
DA:20,1
DA:22,1
DA:26,1
DA:28,1
DA:32,1
DA:34,1
DA:38,1
DA:40,1
DA:44,1
DA:46,1
DA:50,1
DA:52,1
DA:53,1
DA:55,7
LF:16
LH:16
BRDA:14,0,0,1
BRDA:14,0,1,1
BRDA:14,0,2,1
BRDA:14,0,3,1
BRDA:14,0,4,1
BRDA:14,0,5,1
BRDA:14,0,6,1
BRDA:55,1,0,7
BRDA:55,1,1,0
BRF:9
BRH:8
end_of_record
TN:
SF:/Users/gpspake/code/MatchAndMentor/src/reducers/UserReducer.js
FN:25,(anonymous_0)
FNF:1
FNH:1
FNDA:11,(anonymous_0)
DA:14,1
DA:26,11
DA:28,1
DA:31,1
DA:34,1
DA:37,1
DA:40,1
DA:43,1
DA:46,1
DA:49,1
DA:50,1
DA:53,1
DA:54,1
DA:57,1
DA:58,1
DA:61,1
LF:16
LH:16
BRDA:25,0,0,1
BRDA:26,1,0,1
BRDA:26,1,1,1
BRDA:26,1,2,1
BRDA:26,1,3,1
BRDA:26,1,4,1
BRDA:26,1,5,1
BRDA:26,1,6,1
BRDA:26,1,7,1
BRDA:26,1,8,1
BRDA:26,1,9,1
BRDA:26,1,10,1
BRF:12
BRH:12
end_of_record
